         153
 # wavelength [mic] abs_cs [cm^2/H] sca_cs [cm^2/H]
  6.19922E-05  6.20789E-46  1.04060E-44
  6.99767E-05  6.20789E-46  1.04060E-44
  7.66263E-05  6.20789E-46  1.04060E-44
  7.66263E-05  1.22447E-45  1.05977E-44
  8.62069E-05  1.22447E-45  1.05977E-44
  9.47151E-05  1.22447E-45  1.05977E-44
  9.47151E-05  2.40309E-45  1.07696E-44
  1.06261E-04  2.40309E-45  1.07696E-44
  1.17074E-04  2.40309E-45  1.07696E-44
  1.17074E-04  4.68758E-45  1.09352E-44
  1.31046E-04  4.68758E-45  1.09352E-44
  1.44711E-04  4.68758E-45  1.09352E-44
  1.44711E-04  9.08752E-45  1.11134E-44
  1.61681E-04  9.08752E-45  1.11134E-44
  1.78872E-04  9.08752E-45  1.11134E-44
  1.78872E-04  1.75157E-44  1.13246E-44
  1.99548E-04  1.75157E-44  1.13246E-44
  2.21098E-04  1.75157E-44  1.13246E-44
  2.21098E-04  3.35189E-44  1.15834E-44
  2.46357E-04  3.35189E-44  1.15834E-44
  2.73291E-04  3.35189E-44  1.15834E-44
  2.73291E-04  6.36404E-44  1.18879E-44
  3.04223E-04  6.36404E-44  1.18879E-44
  3.37805E-04  6.36404E-44  1.18879E-44
  3.37805E-04  1.19198E-43  1.22162E-44
  3.75755E-04  1.19198E-43  1.22162E-44
  4.17549E-04  1.19198E-43  1.22162E-44
  4.17549E-04  2.21573E-43  1.25362E-44
  4.64184E-04  2.21573E-43  1.25362E-44
  5.16118E-04  2.21573E-43  1.25362E-44
  5.16118E-04  4.11145E-43  1.28191E-44
  5.73500E-04  4.11145E-43  1.28191E-44
  6.37955E-04  4.11145E-43  1.28191E-44
  6.37955E-04  7.55912E-43  1.30496E-44
  7.08636E-04  7.55912E-43  1.30496E-44
  7.88553E-04  7.55912E-43  1.30496E-44
  7.88553E-04  1.36117E-42  1.32216E-44
  8.75690E-04  1.36117E-42  1.32216E-44
  9.74703E-04  1.36117E-42  1.32216E-44
  9.74703E-04  2.43244E-42  1.33464E-44
  1.08220E-03  2.43244E-42  1.33464E-44
  1.20480E-03  2.43244E-42  1.33464E-44
  1.20480E-03  4.15320E-42  1.34349E-44
  1.33747E-03  4.15320E-42  1.34349E-44
  1.48921E-03  4.15320E-42  1.34349E-44
  1.48921E-03  6.58525E-42  1.34951E-44
  1.65303E-03  6.58525E-42  1.34951E-44
  1.84075E-03  6.58525E-42  1.34951E-44
  1.84075E-03  1.13893E-41  1.35354E-44
  2.04310E-03  1.13893E-41  1.35354E-44
  2.27529E-03  1.13893E-41  1.35354E-44
  2.27529E-03  1.04481E-41  1.35622E-44
  2.52526E-03  1.04481E-41  1.35622E-44
  2.81241E-03  1.04481E-41  1.35622E-44
  2.81241E-03  1.63878E-41  1.35800E-44
  3.12127E-03  1.63878E-41  1.35800E-44
  3.47632E-03  1.63878E-41  1.35800E-44
  3.47632E-03  2.84433E-41  1.35916E-44
  3.85800E-03  2.84433E-41  1.35916E-44
  4.29695E-03  2.84433E-41  1.35916E-44
  4.29695E-03  4.46762E-41  1.35994E-44
  4.76865E-03  4.46762E-41  1.35994E-44
  5.31131E-03  4.46762E-41  1.35994E-44
  5.31131E-03  8.21705E-41  1.36044E-44
  5.89429E-03  8.21705E-41  1.36044E-44
  6.56513E-03  8.21705E-41  1.36044E-44
  6.56513E-03  1.50869E-40  1.36077E-44
  7.28566E-03  1.50869E-40  1.36077E-44
  8.11492E-03  1.50869E-40  1.36077E-44
  8.11492E-03  3.95843E-40  1.36104E-44
  9.95697E-03  3.95843E-40  1.36104E-44
  1.23984E-02  3.95843E-40  1.36104E-44
  1.23984E-02  6.48259E-40  1.36139E-44
  4.04095E-02  6.48259E-40  1.36139E-44
  9.12000E-02  6.48259E-40  1.36139E-44
  9.12000E-02  0.00000E+00  0.00000E+00
  9.58423E-02  0.00000E+00  0.00000E+00
  1.00614E-01  0.00000E+00  0.00000E+00
  1.00614E-01  0.00000E+00  0.00000E+00
  1.05735E-01  0.00000E+00  0.00000E+00
  1.11000E-01  0.00000E+00  0.00000E+00
  1.11000E-01  0.00000E+00  0.00000E+00
  1.23230E-01  0.00000E+00  0.00000E+00
  1.36186E-01  0.00000E+00  0.00000E+00
  1.36186E-01  0.00000E+00  0.00000E+00
  1.51191E-01  0.00000E+00  0.00000E+00
  1.67087E-01  0.00000E+00  0.00000E+00
  1.67087E-01  0.00000E+00  0.00000E+00
  1.85496E-01  0.00000E+00  0.00000E+00
  2.05000E-01  0.00000E+00  0.00000E+00
  2.05000E-01  0.00000E+00  0.00000E+00
  2.60497E-01  0.00000E+00  0.00000E+00
  3.23672E-01  0.00000E+00  0.00000E+00
  3.23672E-01  0.00000E+00  0.00000E+00
  4.34008E-01  0.00000E+00  0.00000E+00
  5.11041E-01  0.00000E+00  0.00000E+00
  5.11041E-01  0.00000E+00  0.00000E+00
  6.51489E-01  0.00000E+00  0.00000E+00
  8.06875E-01  0.00000E+00  0.00000E+00
  8.06875E-01  0.00000E+00  0.00000E+00
  9.91491E-01  0.00000E+00  0.00000E+00
  1.27396E+00  0.00000E+00  0.00000E+00
  1.27396E+00  0.00000E+00  0.00000E+00
  1.50114E+00  0.00000E+00  0.00000E+00
  2.01144E+00  0.00000E+00  0.00000E+00
  2.01144E+00  0.00000E+00  0.00000E+00
  2.38488E+00  0.00000E+00  0.00000E+00
  3.17584E+00  0.00000E+00  0.00000E+00
  3.17584E+00  0.00000E+00  0.00000E+00
  3.97321E+00  0.00000E+00  0.00000E+00
  5.01429E+00  0.00000E+00  0.00000E+00
  5.01429E+00  0.00000E+00  0.00000E+00
  6.26468E+00  0.00000E+00  0.00000E+00
  7.91700E+00  0.00000E+00  0.00000E+00
  7.91700E+00  0.00000E+00  0.00000E+00
  9.73323E+00  0.00000E+00  0.00000E+00
  1.25000E+01  0.00000E+00  0.00000E+00
  1.25000E+01  0.00000E+00  0.00000E+00
  1.53290E+01  0.00000E+00  0.00000E+00
  1.97361E+01  0.00000E+00  0.00000E+00
  1.97361E+01  0.00000E+00  0.00000E+00
  2.41571E+01  0.00000E+00  0.00000E+00
  3.11611E+01  0.00000E+00  0.00000E+00
  3.11611E+01  0.00000E+00  0.00000E+00
  3.80861E+01  0.00000E+00  0.00000E+00
  4.91999E+01  0.00000E+00  0.00000E+00
  4.91999E+01  0.00000E+00  0.00000E+00
  6.00650E+01  0.00000E+00  0.00000E+00
  7.76810E+01  0.00000E+00  0.00000E+00
  7.76810E+01  0.00000E+00  0.00000E+00
  9.47495E+01  0.00000E+00  0.00000E+00
  1.22649E+02  0.00000E+00  0.00000E+00
  1.22649E+02  0.00000E+00  0.00000E+00
  1.49489E+02  0.00000E+00  0.00000E+00
  1.93649E+02  0.00000E+00  0.00000E+00
  1.93649E+02  0.00000E+00  0.00000E+00
  2.35884E+02  0.00000E+00  0.00000E+00
  3.05750E+02  0.00000E+00  0.00000E+00
  3.05750E+02  0.00000E+00  0.00000E+00
  3.72250E+02  0.00000E+00  0.00000E+00
  4.82745E+02  0.00000E+00  0.00000E+00
  4.82745E+02  0.00000E+00  0.00000E+00
  5.87501E+02  0.00000E+00  0.00000E+00
  7.62200E+02  0.00000E+00  0.00000E+00
  7.62200E+02  0.00000E+00  0.00000E+00
  9.27282E+02  0.00000E+00  0.00000E+00
  1.20343E+03  0.00000E+00  0.00000E+00
  1.20343E+03  0.00000E+00  0.00000E+00
  1.46366E+03  0.00000E+00  0.00000E+00
  1.90007E+03  0.00000E+00  0.00000E+00
  1.90007E+03  0.00000E+00  0.00000E+00
  2.31040E+03  0.00000E+00  0.00000E+00
  3.00000E+03  0.00000E+00  0.00000E+00
